[0.328s] Invoking command in '/home/reynash/turtlesim_x_and_o/src/turtlesim_x_and_o': PYTHONPATH=/home/reynash/turtlesim_x_and_o/build/turtlesim_x_and_o/prefix_override:/usr/lib/python3/dist-packages/colcon_core/task/python/colcon_distutils_commands:/home/reynash/turtlesim_x_and_o/install/turtlesim_x_and_o/lib/python3.10/site-packages:${PYTHONPATH} /usr/bin/python3 -W ignore:setup.py install is deprecated setup.py egg_info --egg-base ../../build/turtlesim_x_and_o build --build-base /home/reynash/turtlesim_x_and_o/build/turtlesim_x_and_o/build install --record /home/reynash/turtlesim_x_and_o/build/turtlesim_x_and_o/install.log --single-version-externally-managed install_data
[0.458s] running egg_info
[0.458s] writing ../../build/turtlesim_x_and_o/turtlesim_x_and_o.egg-info/PKG-INFO
[0.459s] writing dependency_links to ../../build/turtlesim_x_and_o/turtlesim_x_and_o.egg-info/dependency_links.txt
[0.459s] writing entry points to ../../build/turtlesim_x_and_o/turtlesim_x_and_o.egg-info/entry_points.txt
[0.459s] writing requirements to ../../build/turtlesim_x_and_o/turtlesim_x_and_o.egg-info/requires.txt
[0.459s] writing top-level names to ../../build/turtlesim_x_and_o/turtlesim_x_and_o.egg-info/top_level.txt
[0.460s] reading manifest file '../../build/turtlesim_x_and_o/turtlesim_x_and_o.egg-info/SOURCES.txt'
[0.460s] writing manifest file '../../build/turtlesim_x_and_o/turtlesim_x_and_o.egg-info/SOURCES.txt'
[0.460s] running build
[0.460s] running build_py
[0.460s] running install
[0.461s] running install_lib
[0.461s] running install_data
[0.461s] running install_egg_info
[0.462s] removing '/home/reynash/turtlesim_x_and_o/install/turtlesim_x_and_o/lib/python3.10/site-packages/turtlesim_x_and_o-0.0.0-py3.10.egg-info' (and everything under it)
[0.462s] Copying ../../build/turtlesim_x_and_o/turtlesim_x_and_o.egg-info to /home/reynash/turtlesim_x_and_o/install/turtlesim_x_and_o/lib/python3.10/site-packages/turtlesim_x_and_o-0.0.0-py3.10.egg-info
[0.463s] running install_scripts
[0.475s] Installing playgame script to /home/reynash/turtlesim_x_and_o/install/turtlesim_x_and_o/lib/turtlesim_x_and_o
[0.475s] writing list of installed files to '/home/reynash/turtlesim_x_and_o/build/turtlesim_x_and_o/install.log'
[0.490s] Invoked command in '/home/reynash/turtlesim_x_and_o/src/turtlesim_x_and_o' returned '0': PYTHONPATH=/home/reynash/turtlesim_x_and_o/build/turtlesim_x_and_o/prefix_override:/usr/lib/python3/dist-packages/colcon_core/task/python/colcon_distutils_commands:/home/reynash/turtlesim_x_and_o/install/turtlesim_x_and_o/lib/python3.10/site-packages:${PYTHONPATH} /usr/bin/python3 -W ignore:setup.py install is deprecated setup.py egg_info --egg-base ../../build/turtlesim_x_and_o build --build-base /home/reynash/turtlesim_x_and_o/build/turtlesim_x_and_o/build install --record /home/reynash/turtlesim_x_and_o/build/turtlesim_x_and_o/install.log --single-version-externally-managed install_data
