running egg_info
creating ../../build/turtlesim_x_and_o/turtlesim_x_and_o.egg-info
writing ../../build/turtlesim_x_and_o/turtlesim_x_and_o.egg-info/PKG-INFO
writing dependency_links to ../../build/turtlesim_x_and_o/turtlesim_x_and_o.egg-info/dependency_links.txt
writing entry points to ../../build/turtlesim_x_and_o/turtlesim_x_and_o.egg-info/entry_points.txt
writing requirements to ../../build/turtlesim_x_and_o/turtlesim_x_and_o.egg-info/requires.txt
writing top-level names to ../../build/turtlesim_x_and_o/turtlesim_x_and_o.egg-info/top_level.txt
writing manifest file '../../build/turtlesim_x_and_o/turtlesim_x_and_o.egg-info/SOURCES.txt'
reading manifest file '../../build/turtlesim_x_and_o/turtlesim_x_and_o.egg-info/SOURCES.txt'
writing manifest file '../../build/turtlesim_x_and_o/turtlesim_x_and_o.egg-info/SOURCES.txt'
running build
running build_py
creating /home/reynash/turtlesim_x_and_o/build/turtlesim_x_and_o/build
creating /home/reynash/turtlesim_x_and_o/build/turtlesim_x_and_o/build/lib
creating /home/reynash/turtlesim_x_and_o/build/turtlesim_x_and_o/build/lib/turtlesim_x_and_o
copying turtlesim_x_and_o/__init__.py -> /home/reynash/turtlesim_x_and_o/build/turtlesim_x_and_o/build/lib/turtlesim_x_and_o
copying turtlesim_x_and_o/playgame.py -> /home/reynash/turtlesim_x_and_o/build/turtlesim_x_and_o/build/lib/turtlesim_x_and_o
running install
running install_lib
creating /home/reynash/turtlesim_x_and_o/install/turtlesim_x_and_o/lib/python3.10/site-packages/turtlesim_x_and_o
copying /home/reynash/turtlesim_x_and_o/build/turtlesim_x_and_o/build/lib/turtlesim_x_and_o/__init__.py -> /home/reynash/turtlesim_x_and_o/install/turtlesim_x_and_o/lib/python3.10/site-packages/turtlesim_x_and_o
copying /home/reynash/turtlesim_x_and_o/build/turtlesim_x_and_o/build/lib/turtlesim_x_and_o/playgame.py -> /home/reynash/turtlesim_x_and_o/install/turtlesim_x_and_o/lib/python3.10/site-packages/turtlesim_x_and_o
byte-compiling /home/reynash/turtlesim_x_and_o/install/turtlesim_x_and_o/lib/python3.10/site-packages/turtlesim_x_and_o/__init__.py to __init__.cpython-310.pyc
byte-compiling /home/reynash/turtlesim_x_and_o/install/turtlesim_x_and_o/lib/python3.10/site-packages/turtlesim_x_and_o/playgame.py to playgame.cpython-310.pyc
running install_data
creating /home/reynash/turtlesim_x_and_o/install/turtlesim_x_and_o/share/ament_index
creating /home/reynash/turtlesim_x_and_o/install/turtlesim_x_and_o/share/ament_index/resource_index
creating /home/reynash/turtlesim_x_and_o/install/turtlesim_x_and_o/share/ament_index/resource_index/packages
copying resource/turtlesim_x_and_o -> /home/reynash/turtlesim_x_and_o/install/turtlesim_x_and_o/share/ament_index/resource_index/packages
copying package.xml -> /home/reynash/turtlesim_x_and_o/install/turtlesim_x_and_o/share/turtlesim_x_and_o
running install_egg_info
Copying ../../build/turtlesim_x_and_o/turtlesim_x_and_o.egg-info to /home/reynash/turtlesim_x_and_o/install/turtlesim_x_and_o/lib/python3.10/site-packages/turtlesim_x_and_o-0.0.0-py3.10.egg-info
running install_scripts
writing list of installed files to '/home/reynash/turtlesim_x_and_o/build/turtlesim_x_and_o/install.log'
