[0.348s] Invoking command in '/home/reynash/turtlesim_x_and_o/src/turtlesim_x_and_o': PYTHONPATH=/home/reynash/turtlesim_x_and_o/build/turtlesim_x_and_o/prefix_override:/usr/lib/python3/dist-packages/colcon_core/task/python/colcon_distutils_commands:/home/reynash/turtlesim_x_and_o/install/turtlesim_x_and_o/lib/python3.10/site-packages:${PYTHONPATH} /usr/bin/python3 -W ignore:setup.py install is deprecated setup.py egg_info --egg-base ../../build/turtlesim_x_and_o build --build-base /home/reynash/turtlesim_x_and_o/build/turtlesim_x_and_o/build install --record /home/reynash/turtlesim_x_and_o/build/turtlesim_x_and_o/install.log --single-version-externally-managed install_data
[0.472s] running egg_info
[0.472s] creating ../../build/turtlesim_x_and_o/turtlesim_x_and_o.egg-info
[0.472s] writing ../../build/turtlesim_x_and_o/turtlesim_x_and_o.egg-info/PKG-INFO
[0.473s] writing dependency_links to ../../build/turtlesim_x_and_o/turtlesim_x_and_o.egg-info/dependency_links.txt
[0.473s] writing entry points to ../../build/turtlesim_x_and_o/turtlesim_x_and_o.egg-info/entry_points.txt
[0.473s] writing requirements to ../../build/turtlesim_x_and_o/turtlesim_x_and_o.egg-info/requires.txt
[0.473s] writing top-level names to ../../build/turtlesim_x_and_o/turtlesim_x_and_o.egg-info/top_level.txt
[0.473s] writing manifest file '../../build/turtlesim_x_and_o/turtlesim_x_and_o.egg-info/SOURCES.txt'
[0.474s] reading manifest file '../../build/turtlesim_x_and_o/turtlesim_x_and_o.egg-info/SOURCES.txt'
[0.474s] writing manifest file '../../build/turtlesim_x_and_o/turtlesim_x_and_o.egg-info/SOURCES.txt'
[0.474s] running build
[0.474s] running build_py
[0.474s] creating /home/reynash/turtlesim_x_and_o/build/turtlesim_x_and_o/build
[0.474s] creating /home/reynash/turtlesim_x_and_o/build/turtlesim_x_and_o/build/lib
[0.474s] creating /home/reynash/turtlesim_x_and_o/build/turtlesim_x_and_o/build/lib/turtlesim_x_and_o
[0.475s] copying turtlesim_x_and_o/__init__.py -> /home/reynash/turtlesim_x_and_o/build/turtlesim_x_and_o/build/lib/turtlesim_x_and_o
[0.475s] copying turtlesim_x_and_o/playgame.py -> /home/reynash/turtlesim_x_and_o/build/turtlesim_x_and_o/build/lib/turtlesim_x_and_o
[0.475s] running install
[0.475s] running install_lib
[0.475s] creating /home/reynash/turtlesim_x_and_o/install/turtlesim_x_and_o/lib/python3.10/site-packages/turtlesim_x_and_o
[0.475s] copying /home/reynash/turtlesim_x_and_o/build/turtlesim_x_and_o/build/lib/turtlesim_x_and_o/__init__.py -> /home/reynash/turtlesim_x_and_o/install/turtlesim_x_and_o/lib/python3.10/site-packages/turtlesim_x_and_o
[0.475s] copying /home/reynash/turtlesim_x_and_o/build/turtlesim_x_and_o/build/lib/turtlesim_x_and_o/playgame.py -> /home/reynash/turtlesim_x_and_o/install/turtlesim_x_and_o/lib/python3.10/site-packages/turtlesim_x_and_o
[0.475s] byte-compiling /home/reynash/turtlesim_x_and_o/install/turtlesim_x_and_o/lib/python3.10/site-packages/turtlesim_x_and_o/__init__.py to __init__.cpython-310.pyc
[0.475s] byte-compiling /home/reynash/turtlesim_x_and_o/install/turtlesim_x_and_o/lib/python3.10/site-packages/turtlesim_x_and_o/playgame.py to playgame.cpython-310.pyc
[0.476s] running install_data
[0.476s] creating /home/reynash/turtlesim_x_and_o/install/turtlesim_x_and_o/share/ament_index
[0.476s] creating /home/reynash/turtlesim_x_and_o/install/turtlesim_x_and_o/share/ament_index/resource_index
[0.476s] creating /home/reynash/turtlesim_x_and_o/install/turtlesim_x_and_o/share/ament_index/resource_index/packages
[0.476s] copying resource/turtlesim_x_and_o -> /home/reynash/turtlesim_x_and_o/install/turtlesim_x_and_o/share/ament_index/resource_index/packages
[0.476s] copying package.xml -> /home/reynash/turtlesim_x_and_o/install/turtlesim_x_and_o/share/turtlesim_x_and_o
[0.476s] running install_egg_info
[0.477s] Copying ../../build/turtlesim_x_and_o/turtlesim_x_and_o.egg-info to /home/reynash/turtlesim_x_and_o/install/turtlesim_x_and_o/lib/python3.10/site-packages/turtlesim_x_and_o-0.0.0-py3.10.egg-info
[0.478s] running install_scripts
[0.490s] writing list of installed files to '/home/reynash/turtlesim_x_and_o/build/turtlesim_x_and_o/install.log'
[0.504s] Invoked command in '/home/reynash/turtlesim_x_and_o/src/turtlesim_x_and_o' returned '0': PYTHONPATH=/home/reynash/turtlesim_x_and_o/build/turtlesim_x_and_o/prefix_override:/usr/lib/python3/dist-packages/colcon_core/task/python/colcon_distutils_commands:/home/reynash/turtlesim_x_and_o/install/turtlesim_x_and_o/lib/python3.10/site-packages:${PYTHONPATH} /usr/bin/python3 -W ignore:setup.py install is deprecated setup.py egg_info --egg-base ../../build/turtlesim_x_and_o build --build-base /home/reynash/turtlesim_x_and_o/build/turtlesim_x_and_o/build install --record /home/reynash/turtlesim_x_and_o/build/turtlesim_x_and_o/install.log --single-version-externally-managed install_data
